This file contains any messages produced by compilers while
running configure, to aid debugging if configure makes a mistake.

It was created by smart_home configure 0.1.0, which was
generated by GNU Autoconf 2.69.  Invocation command line was

  $ ./configure 

## --------- ##
## Platform. ##
## --------- ##

hostname = onur-desk
uname -m = x86_64
uname -r = 3.13.0-40-generic
uname -s = Linux
uname -v = #69-Ubuntu SMP Thu Nov 13 17:53:56 UTC 2014

/usr/bin/uname -p = unknown
/bin/uname -X     = unknown

/bin/arch              = unknown
/usr/bin/arch -k       = unknown
/usr/convex/getsysinfo = unknown
/usr/bin/hostinfo      = unknown
/bin/machine           = unknown
/usr/bin/oslevel       = unknown
/bin/universe          = unknown

PATH: /opt/clanton-tiny/1.4.2/sysroots/x86_64-pokysdk-linux/usr/bin
PATH: /opt/clanton-tiny/1.4.2/sysroots/x86_64-pokysdk-linux/usr/bin/i586-poky-linux-uclibc
PATH: /home/onur/bin
PATH: /usr/local/sbin
PATH: /usr/local/bin
PATH: /usr/sbin
PATH: /usr/bin
PATH: /sbin
PATH: /bin
PATH: /usr/games
PATH: /usr/local/games
PATH: /home/onur/Applications/eclipse


## ----------- ##
## Core tests. ##
## ----------- ##

configure:2002: loading site script /opt/clanton-tiny/1.4.2/site-config-i586-poky-linux-uclibc
| ac_cv_c_littleendian=${ac_cv_c_littleendian=yes}
| ac_cv_c_bigendian=${ac_cv_c_bigendian=no}
| 
| # libnet
| ac_cv_libnet_endianess=${ac_cv_libnet_endianess=lil}
| 
| # libmemcached
| ac_cv_c_endian=little
| # general
| ac_cv_sizeof_char=${ac_cv_sizeof_char=1}
| ac_cv_sizeof_unsigned_char=${ac_cv_sizeof_unsigned_char=1}
| ac_cv_sizeof_char_p=${ac_cv_sizeof_char_p=4}
| ac_cv_sizeof_unsigned_char_p=${ac_cv_sizeof_unsigned_char_p=4}
| ac_cv_sizeof_int=${ac_cv_sizeof_int=4}
| ac_cv_sizeof_unsigned_int=${ac_cv_sizeof_unsigned_int=4}
| ac_cv_sizeof_int_p=${ac_cv_sizeof_int_p=4}
| ac_cv_sizeof_long=${ac_cv_sizeof_long=4}
| ac_cv_sizeof_unsigned_long=${ac_cv_sizeof_unsigned_long=4}
| ac_cv_sizeof_long_long=${ac_cv_sizeof_long_long=8}
| ac_cv_sizeof_unsigned_long_long=${ac_cv_sizeof_unsigned_long_long=8}
| ac_cv_sizeof_short=${ac_cv_sizeof_short=2}
| ac_cv_sizeof_unsigned_short=${ac_cv_sizeof_unsigned_short=2}
| ac_cv_sizeof_size_t=${ac_cv_sizeof_size_t=4}
| ac_cv_sizeof_ssize_t=${ac_cv_sizeof_ssize_t=4}
| ac_cv_sizeof_void_p=${ac_cv_sizeof_void_p=4}
| ac_cv_sizeof_long_p=${ac_cv_sizeof_long_p=4}
| ac_cv_sizeof_float=${ac_cv_sizeof_float=4}
| ac_cv_sizeof_off_t=${ac_cv_sizeof_off_t=4}
| ac_cv_sizeof_uid_t=${ac_cv_sizeof_uid_t=4}
| ac_cv_sizeof_gid_t=${ac_cv_sizeof_gid_t=4}
| ac_cv_sizeof_ino_t=${ac_cv_sizeof_ino_t=4}
| ac_cv_sizeof_dev_t=${ac_cv_sizeof_dev_t=8}
| ac_cv_func_lstat_dereferences_slashed_symlink=${ac_cv_func_lstat_dereferences_slashed_symlink=yes}
| ac_cv_func_lstat_empty_string_bug=${ac_cv_func_lstat_empty_string_bug=no}
| ac_cv_func_pthread_key_delete=${ac_cv_func_pthread_key_delete=yes}
| ac_cv_func_setvbuf_reversed=${ac_cv_func_setvbuf_reversed=no}
| ac_cv_func_stat_empty_string_bug=${ac_cv_func_stat_empty_string_bug=no}
| ac_cv_func_stat_ignores_trailing_slash=${ac_cv_func_stat_ignores_trailing_slash=no}
| ac_cv_va_val_copy=${ac_cv_va_val_copy=yes}
| 
| ac_cv_header_netinet_sctp_h=${ac_cv_header_netinet_sctp_h=no}
| ac_cv_header_netinet_sctp_uio_h=${ac_cv_header_netinet_sctp_uio_h=no}
| ac_cv_linux_vers=${ac_cv_linux_vers=2}
| ac_cv_sctp=${ac_cv_sctp=no}
| 
| apr_cv_process_shared_works=${apr_cv_process_shared_works=no}
| apr_cv_tcp_nodelay_with_cork=${apr_cv_tcp_nodelay_with_cork=yes}
| 
| ac_cv_path_ESD_CONFIG=no
| lf_cv_sane_realloc=yes
| jm_cv_func_gettimeofday_clobber=no
| samba_cv_HAVE_GETTIMEOFDAY_TZ=yes
| bf_lsbf=1
| ac_cv_uchar=${ac_cv_uchar=no}
| ac_cv_uint=${ac_cv_uint=yes}
| ac_cv_ulong=${ac_cv_ulong=yes}
| ac_cv_ushort=${ac_cv_ushort=yes}
| 
| # audacity
| ac_cv_file_lib_src_libmad_frame_h=${ac_cv_file_lib_src_libmad_frame_h=no}
| 
| # bash
| ac_cv_c_long_double=${ac_cv_c_long_double=yes}
| bash_cv_func_sigsetjmp=${bash_cv_func_sigsetjmp=missing}
| 
| # clamav
| clamav_av_func_working_snprintf_long=${clamav_av_func_working_snprintf_long=yes}
| clamav_av_have_in_port_t=${clamav_av_have_in_port_t=yes}
| clamav_av_have_in_addr_t=${clamav_av_have_in_addr_t=yes}
| ac_cv_func_mmap_fixed_mapped=${ac_cv_func_mmap_fixed_mapped=yes}
| 
| # cvs
| cvs_cv_func_printf_ptr=${cvs_cv_func_printf_ptr=yes}
| 
| # db
| db_cv_alignp_t=${db_cv_alignp_t='unsigned long'}
| db_cv_align_t=${db_cv_align_t='unsigned long long'}
| db_cv_fcntl_f_setfd=${db_cv_fcntl_f_setfd=yes}
| db_cv_sprintf_count=${db_cv_sprintf_count=yes}
| 
| # D-BUS
| ac_cv_func_posix_getpwnam_r=${ac_cv_func_posix_getpwnam_r=yes}
| 
| # ettercap
| ettercap_cv_type_socklen_t=${ettercap_cv_type_socklen_t=yes}
| 
| # gettext
| am_cv_func_working_getline=${am_cv_func_working_getline=yes}
| 
| # glib
| glib_cv_sizeof_system_thread=${glib_cv_sizeof_system_thread=4}
| glib_cv_has__inline=${glib_cv_has__inline=yes}
| glib_cv_has__inline__=${glib_cv_has__inline__=yes}
| glib_cv_hasinline=${glib_cv_hasinline=yes}
| glib_cv_sane_realloc=${glib_cv_sane_realloc=yes}
| glib_cv_sizeof_gmutex=${glib_cv_sizeof_gmutex=24}
| glib_cv_sys_pthread_cond_timedwait_posix=${glib_cv_sys_pthread_cond_timedwait_posix=yes}
| glib_cv_sys_pthread_getspecific_posix=${glib_cv_sys_pthread_getspecific_posix=yes}
| glib_cv_sys_pthread_mutex_trylock_posix=${glib_cv_sys_pthread_mutex_trylock_posix=yes}
| glib_cv_uscore=${glib_cv_uscore=no}
| glib_cv_va_val_copy=${glib_cv_va_val_copy=yes}
| glib_cv_rtldglobal_broken=${glib_cv_rtldglobal_broken=yes}
| 
| # glib-2.0
| glib_cv_stack_grows=${glib_cv_stack_grows=no}
| utils_cv_sys_open_max=${utils_cv_sys_open_max=1015}
| glib_cv_use_pid_surrogate=${glib_cv_use_pid_surrogate=yes}
| ac_cv_alignof_guint32=4
| ac_cv_alignof_guint64=4
| ac_cv_alignof_unsigned_long=4
| 
| # guile
| ac_cv_uchar=${ac_cv_uchar=no}
| ac_cv_uint=${ac_cv_uint=yes}
| ac_cv_ulong=${ac_cv_ulong=yes}
| ac_cv_ushort=${ac_cv_ushort=yes}
| 
| # intercom
| ac_cv_func_fnmatch_works=${ac_cv_func_fnmatch_works=yes}
| 
| # jikes-native
| ac_cv_sizeof_wchar_t=4
| 
| # lftp
| ac_cv_need_trio=${ac_cv_need_trio=no}
| lftp_cv_va_val_copy=${lftp_cv_va_val_copy=yes}
| 
| # libidl
| libIDL_cv_long_long_format=${libIDL_cv_long_long_format=ll}
| 
| # libnet 
| ac_cv_lbl_unaligned_fail=${ac_cv_lbl_unaligned_fail=no}
| ac_libnet_have_packet_socket=${ac_libnet_have_packet_socket=yes}
| 
| # libxfce4util
| with_broken_putenv=${with_broken_putenv=no}
| 
| # mysql
| mysql_cv_func_atomic_sub=${mysql_cv_func_atomic_sub=yes}
| mysql_cv_func_atomic_add=${mysql_cv_func_atomic_add=yes}
| 
| # ORBit2
| ac_cv_alignof_CORBA_boolean=1
| ac_cv_alignof_CORBA_char=1
| ac_cv_alignof_CORBA_double=4
| ac_cv_alignof_CORBA_float=4
| ac_cv_alignof_CORBA_long=4
| ac_cv_alignof_CORBA_long_double=4
| ac_cv_alignof_CORBA_long_long=4
| ac_cv_alignof_CORBA_octet=1
| ac_cv_alignof_CORBA_pointer=4
| ac_cv_alignof_CORBA_short=2
| ac_cv_alignof_CORBA_struct=4
| ac_cv_alignof_CORBA_wchar=2
| 
| # php
| ac_cv_pread=${ac_cv_pread=no}
| ac_cv_pwrite=${ac_cv_pwrite=no}
| php_cv_lib_cookie_io_functions_use_off64_t=${php_cv_lib_cookie_io_functions_use_off64_t=yes}
| 
| # rsync
| rsync_cv_HAVE_BROKEN_LARGEFILE=${rsync_cv_HAVE_BROKEN_LARGEFILE=no}
| rsync_cv_HAVE_SOCKETPAIR=${rsync_cv_HAVE_SOCKETPAIR=yes}
| rsync_cv_HAVE_LONGLONG=${rsync_cv_HAVE_LONGLONG=yes}
| rsync_cv_HAVE_OFF64_T=${rsync_cv_HAVE_OFF64_T=no}
| rsync_cv_HAVE_SHORT_INO_T=${rsync_cv_HAVE_SHORT_INO_T=no}
| rsync_cv_HAVE_UNSIGNED_CHAR=${rsync_cv_HAVE_UNSIGNED_CHAR=no}
| rsync_cv_HAVE_BROKEN_READDIR=${rsync_cv_HAVE_BROKEN_READDIR=no}
| rsync_cv_HAVE_GETTIMEOFDAY_TZ=${rsync_cv_HAVE_GETTIMEOFDAY_TZ=yes}
| rsync_cv_HAVE_C99_VSNPRINTF=${rsync_cv_HAVE_C99_VSNPRINTF=yes}
| rsync_cv_HAVE_SECURE_MKSTEMP=${rsync_cv_HAVE_SECURE_MKSTEMP=yes}
| rsync_cv_REPLACE_INET_NTOA=${rsync_cv_REPLACE_INET_NTOA=no}
| rsync_cv_REPLACE_INET_ATON=${rsync_cv_REPLACE_INET_ATON=no}
| 
| # samba
| samba_cv_HAVE_GETTIMEOFDAY_TZ=${samba_cv_HAVE_GETTIMEOFDAY_TZ=yes}
| 
| # screen
| screen_cv_sys_bcopy_overlap=${screen_cv_sys_bcopy_overlap=no}
| screen_cv_sys_memcpy_overlap=${screen_cv_sys_memcpy_overlap=no}
| screen_cv_sys_memmove_overlap=${screen_cv_sys_memmove_overlap=no}
| screen_cv_sys_fifo_broken_impl=${screen_cv_sys_fifo_broken_impl=yes}
| screen_cv_sys_fifo_usable=${screen_cv_sys_fifo_usable=yes}
| screen_cv_sys_select_broken_retval=${screen_cv_sys_select_broken_retval=no}
| screen_cv_sys_sockets_nofs=${screen_cv_sys_sockets_nofs=no}
| screen_cv_sys_sockets_usable=${screen_cv_sys_sockets_usable=yes}
| screen_cv_sys_terminfo_used=${screen_cv_sys_terminfo_used=yes}
| 
| # slrn
| slrn_cv_va_val_copy=${slrn_cv_va_val_copy=yes}
| 
| # ssh
| ac_cv_have_space_d_name_in_struct_dirent=${ac_cv_dirent_have_space_d_name=yes}
| ac_cv_have_broken_snprintf=${ac_cv_have_broken_snprintf=no}
| ac_cv_have_accrights_in_msghdr=${ac_cv_have_accrights_in_msghdr=no}
| ac_cv_have_control_in_msghdr=${ac_cv_have_control_in_msghdr=yes}
| ac_cv_type_struct_timespec=${ac_cv_type_struct_timespec=yes}
| ac_cv_have_openpty_ctty_bug=${ac_cv_have_openpty_ctty_bug=yes}
| 
| # startup-notification
| lf_cv_sane_realloc=yes
| 
| # xffm
| jm_cv_func_working_readdir=yes
| 
| # xorg X11R7
| ac_cv_sys_linker_h=${ac_cv_sys_linker_h=no}
| ac_cv_file__usr_share_X11_sgml_defs_ent=${ac_cv_file__usr_share_X11_sgml_defs_ent=no}
| 
| # evolution-data-server
| ac_cv_libiconv_utf8=${ac_cv_libiconv_utf8=yes}
| 
| #dbus
| ac_cv_have_abstract_sockets=${ac_cv_have_abstract_sockets=yes}
| 
| #libpciaccess
| have_mtrr_h=yes
| 
| #mozilla
| moz_cv_size_of_JS_BYTES_PER_WORD=4
| moz_cv_align_of_JS_ALIGN_OF_POINTER=4
| moz_cv_size_of_JS_BYTES_PER_DOUBLE=8
| 
| #ofono
| ac_cv_lib_c_signalfd=${ac_cv_lib_c_signalfd=yes}
| 
| #unfs-server
| nfsd_cv_broken_setfsuid=${nfsd_cv_broken_setfsuid=0}
| nfsd_cv_func_statfs=${nfsd_cv_func_statfs=statfs2_bsize}
| nfsd_cv_bsd_signals=${nfsd_cv_bsd_signals=yes}
| 
| # dbind, in at-spi2-core
| ac_cv_alignof_char=1
| ac_cv_alignof_dbind_pointer=4
| ac_cv_alignof_dbind_struct=1
| ac_cv_alignof_dbus_bool_t=4
| ac_cv_alignof_dbus_int16_t=2
| ac_cv_alignof_dbus_int32_t=4
| ac_cv_alignof_dbus_int64_t=4
| ac_cv_alignof_double=4
| # apr
| ac_cv_file__dev_zero=${ac_cv_file__dev_zero=yes}
| ac_cv_sizeof_pid_t=${ac_cv_sizeof_pid_t=4}
| 
| # samba
| samba_cv_HAVE_IFACE_AIX=${samba_cv_HAVE_IFACE_AIX=no}
| samba_cv_HAVE_IFACE_IFCONF=${samba_cv_HAVE_IFACE_IFCONF=yes}
| samba_cv_HAVE_IFACE_IFREQ=${samba_cv_HAVE_IFACE_IFREQ=yes}
| samba_cv_HAVE_IRIX_SPECIFIC_CAPABILITIES=${samba_cv_HAVE_IRIX_SPECIFIC_CAPABILITIES=no}
| 
| # db
| db_cv_path_ar=${db_cv_path_ar=/usr/bin/ar}
| db_cv_path_chmod=${db_cv_path_chmod=/bin/chmod}
| db_cv_path_cp=${db_cv_path_cp=/bin/cp}
| db_cv_path_ln=${db_cv_path_ln=/bin/ln}
| db_cv_path_mkdir=${db_cv_path_mkdir=/bin/mkdir}
| db_cv_path_ranlib=${db_cv_path_ranlib=/usr/bin/ranlib}
| db_cv_path_rm=${db_cv_path_rm=/bin/rm}
| db_cv_path_sh=${db_cv_path_sh=/bin/sh}
| db_cv_path_strip=${db_cv_path_strip=/usr/bin/strip}
| 
| # bash
| bash_cv_have_mbstate_t=${bash_cv_have_mbstate_t=yes}
| bash_cv_must_reinstall_sighandlers=${bash_cv_must_reinstall_sighandlers=no}
| bash_cv_func_strcoll_broken=${bash_cv_func_strcoll_broken=no}
| bash_cv_dup2_broken=${bash_cv_dup2_broken=no}
| bash_cv_opendir_not_robust=${bash_cv_opendir_not_robust=no}
| bash_cv_type_rlimit=${bash_cv_type_rlimit=rlim_t}
| bash_cv_getenv_redef=${bash_cv_getenv_redef=yes}
| bash_cv_ulimit_maxfds=${bash_cv_ulimit_maxfds=yes}
| bash_cv_getcwd_calls_popen=${bash_cv_getcwd_calls_popen=no}
| bash_cv_printf_a_format=${bash_cv_printf_a_format=yes}
| bash_cv_pgrp_pipe=${bash_cv_pgrp_pipe=no}
| bash_cv_job_control_missing=${bash_cv_job_control_missing=present}
| bash_cv_sys_named_pipes=${bash_cv_sys_named_pipes=present}
| bash_cv_unusable_rtsigs=${bash_cv_unusable_rtsigs=no}
| 
| # coreutils
| gl_cv_func_fstatat_zero_flag=${gl_cv_func_fstatat_zero_flag=yes}
| 
| # mysql
| ac_cv_sys_restartable_syscalls=${ac_cv_sys_restartable_syscalls=yes}
| ac_cv_conv_longlong_to_float=${ac_cv_conv_longlong_to_float=yes}
| 
| # TCL
| tcl_cv_api_serial=${tcl_cv_api_serial=termios}
| 
| # python
| ac_cv_have_long_long_format=yes
| 
| # apache
| ac_cv_o_nonblock_inherited=${ac_cv_o_nonblock_inherited=no}
| # general
| ac_cv_have_decl_sys_siglist=${ac_cv_have_decl_sys_siglist=no}
| ac_cv_func_realloc_works=${ac_cv_func_realloc_works=yes}
| ac_cv_func_realloc_0_nonnull=${ac_cv_func_realloc_0_nonnull=yes}
| ac_cv_func_malloc_works=${ac_cv_func_malloc_works=yes}
| ac_cv_func_malloc_0_nonnull=${ac_cv_func_malloc_0_nonnull=yes}
| ac_cv_func_getpgrp_void=yes
| ac_cv_func_setpgrp_void=yes
| ac_cv_func_setgrent_void=yes
| ac_cv_func_getgrgid_r=${ac_cv_func_getgrgid_r=yes}
| ac_cv_func_getpwuid_r=${ac_cv_func_getpwuid_r=yes}
| ac_cv_func_posix_getpwuid_r=${ac_cv_func_posix_getpwuid_r=yes}
| ac_cv_func_posix_getgrgid_r=${ac_cv_func_posix_getgrgid_r=yes}
| ac_cv_func_getaddrinfo=${ac_cv_func_getaddrinfo=yes}
| 
| # glib
| glib_cv_strlcpy=${glib_cv_strlcpy=no}
| ac_cv_func_printf_unix98=${ac_cv_func_printf_unix98=yes}
| ac_cv_func_snprintf_c99=${ac_cv_func_snprintf_c99=yes}
| ac_cv_func_vsnprintf_c99=${ac_cv_func_vsnprintf_c99=yes}
| glib_cv_compliant_posix_memalign=${glib_cv_compliant_posix_memalign=1}
| glib_cv_long_long_format=${glib_cv_long_long_format=ll}
| glib_cv_have_qsort_r=${glib_cv_have_qsort_r=no}
| 
| #dbus-glib
| ac_cv_have_abstract_sockets=${ac_cv_have_abstract_sockets=yes}
| 
| # bash
| bash_cv_under_sys_siglist=${bash_cv_under_sys_siglist=no}
| bash_cv_sys_siglist=${bash_cv_sys_siglist=no}
| 
| # coreutils
| fu_cv_sys_stat_statfs2_bsize=${fu_cv_sys_stat_statfs2_bsize=yes}
| gl_cv_func_gettimeofday_clobber=${gl_cv_func_gettimeofday_clobber=no}
| gl_cv_func_tzset_clobber=${gl_cv_func_tzset_clobber=no}
| gl_cv_func_gettimeofday_posix_signature=${gl_cv_func_gettimeofday_posix_signature=yes}
| ac_cv_func_posix_spawn=${ac_cv_func_posix_spawn=yes}
| ac_cv_func_posix_spawn_works=${ac_cv_func_posix_spawn_works=yes}
| 
| # va_copy and _va_copy
| ac_cv_va_copy=${ac_cv_va_copy=yes}
| ac_cv___va_copy=${ac_cv___va_copy=yes}
| ac_cv_func_va_copy=${ac_cv_func_va_copy=yes}
| ac_cv_func___va_copy=${ac_cv_func___va_copy=yes}
| 
| # posix_getpwuid_r posix_getgrgid_r posix_getpwnam_r
| ac_cv_func_posix_getpwuid_r=${ac_cv_func_posix_getpwuid_r=yes}
| ac_cv_func_posix_getgrgid_r=${ac_cv_func_posix_getgrgid_r=yes}
| ac_cv_func_posix_getpwnam_r=${ac_cv_func_posix_getpwnam_r=yes}
| # libelf
| mr_cv_target_elf=${mr_cv_target_elf=yes}
| 
| # Normally kernels have /dev/random enabled
| ac_cv_file__dev_random=${ac_cv_file__dev_random=yes}
| 
| # Avoid sudo to assume void for unsetenv in cross environment, or else it conflicts with
| # target stdlib.h prototype which follows POSIX compiliance. Mark for upstream.
| sudo_cv_func_unsetenv_void=no
| 
| # shadow dir info, to avoid searching build system
| shadow_cv_maildir=${localstatedir}/spool/mail
| shadow_cv_mailfile=Mailbox
| shadow_cv_utmpdir=${localstatedir}/run
| shadow_cv_logdir=${localstatedir}/log
| shadow_cv_passwd_dir=${bindir}
| 
| # python: deactivate a runtime check for ipv6-support in python >=2.7.1 that fails when cross-compiling
| ac_cv_buggy_getaddrinfo=no
| # rp-pppoe
| rpppoe_cv_pack_bitfields=${rpppoe_cv_pack_bitfields=rev}
| ac_cv_header_X=${ac_cv_header_X=no}
| ac_cv_header__CC=${ac_cv_header__CC=no}
| ac_cv_header__CFLAGS=${ac_cv_header__CFLAGS=no}
| ac_cv_header__CPPFLAGS=${ac_cv_header__CPPFLAGS=no}
| ac_cv_header___5=${ac_cv_header___5=no}
| ac_cv_header__c=${ac_cv_header__c=no}
| ac_cv_header_conftest__ac_ext=${ac_cv_header_conftest__ac_ext=no}
| ac_cv_header_curses_h=${ac_cv_header_curses_h=yes}
| ac_cv_header_inttypes_h=${ac_cv_header_inttypes_h=yes}
| ac_cv_header_memory_h=${ac_cv_header_memory_h=yes}
| ac_cv_header_ncurses_curses_h=${ac_cv_header_ncurses_curses_h=no}
| ac_cv_header_ncurses_h=${ac_cv_header_ncurses_h=yes}
| ac_cv_header_ncurses_termcap_h=${ac_cv_header_ncurses_termcap_h=no}
| ac_cv_header_stdc=${ac_cv_header_stdc=yes}
| ac_cv_header_stdint_h=${ac_cv_header_stdint_h=yes}
| ac_cv_header_stdlib_h=${ac_cv_header_stdlib_h=yes}
| ac_cv_header_string_h=${ac_cv_header_string_h=yes}
| ac_cv_header_strings_h=${ac_cv_header_strings_h=yes}
| ac_cv_header_sys_stat_h=${ac_cv_header_sys_stat_h=yes}
| ac_cv_header_sys_types_h=${ac_cv_header_sys_types_h=yes}
| ac_cv_header_unistd_h=${ac_cv_header_unistd_h=yes}
configure:2143: checking for a BSD-compatible install
configure:2211: result: /usr/bin/install -c
configure:2222: checking whether build environment is sane
configure:2277: result: yes
configure:2428: checking for a thread-safe mkdir -p
configure:2467: result: /bin/mkdir -p
configure:2474: checking for gawk
configure:2490: found /usr/bin/gawk
configure:2501: result: gawk
configure:2512: checking whether make sets $(MAKE)
configure:2534: result: yes
configure:2654: checking build system type
configure:2668: result: x86_64-unknown-linux-gnu
configure:2688: checking host system type
configure:2701: result: x86_64-unknown-linux-gnu
configure:2742: checking how to print strings
configure:2769: result: printf
configure:2802: checking for style of include used by make
configure:2830: result: GNU
configure:2901: checking for gcc
configure:2928: result: i586-poky-linux-uclibc-gcc  -m32 -march=i586 --sysroot=/opt/clanton-tiny/1.4.2/sysroots/i586-poky-linux-uclibc
configure:3157: checking for C compiler version
configure:3166: i586-poky-linux-uclibc-gcc  -m32 -march=i586 --sysroot=/opt/clanton-tiny/1.4.2/sysroots/i586-poky-linux-uclibc --version >&5
i586-poky-linux-uclibc-gcc (GCC) 4.7.2
Copyright (C) 2012 Free Software Foundation, Inc.
This is free software; see the source for copying conditions.  There is NO
warranty; not even for MERCHANTABILITY or FITNESS FOR A PARTICULAR PURPOSE.

configure:3177: $? = 0
configure:3166: i586-poky-linux-uclibc-gcc  -m32 -march=i586 --sysroot=/opt/clanton-tiny/1.4.2/sysroots/i586-poky-linux-uclibc -v >&5
Using built-in specs.
COLLECT_GCC=i586-poky-linux-uclibc-gcc
COLLECT_LTO_WRAPPER=/opt/clanton-tiny/1.4.2/sysroots/x86_64-pokysdk-linux/usr/libexec/i586-poky-linux-uclibc/gcc/i586-poky-linux-uclibc/4.7.2/lto-wrapper
Target: i586-poky-linux-uclibc
Configured with: /home/onur/IntelGalileo/Software/meta-clanton_v1.0.1/yocto_build/tmp/work-shared/gcc-4.7.2-r20/gcc-4.7.2/configure --build=x86_64-linux --host=x86_64-pokysdk-linux --target=i586-poky-linux-uclibc --prefix=/opt/clanton-tiny/1.4.2/sysroots/x86_64-pokysdk-linux/usr --exec_prefix=/opt/clanton-tiny/1.4.2/sysroots/x86_64-pokysdk-linux/usr --bindir=/opt/clanton-tiny/1.4.2/sysroots/x86_64-pokysdk-linux/usr/bin/i586-poky-linux-uclibc --sbindir=/opt/clanton-tiny/1.4.2/sysroots/x86_64-pokysdk-linux/usr/bin/i586-poky-linux-uclibc --libexecdir=/opt/clanton-tiny/1.4.2/sysroots/x86_64-pokysdk-linux/usr/libexec/i586-poky-linux-uclibc --datadir=/opt/clanton-tiny/1.4.2/sysroots/x86_64-pokysdk-linux/usr/share --sysconfdir=/opt/clanton-tiny/1.4.2/sysroots/x86_64-pokysdk-linux/etc --sharedstatedir=/opt/clanton-tiny/1.4.2/sysroots/x86_64-pokysdk-linux/com --localstatedir=/opt/clanton-tiny/1.4.2/sysroots/x86_64-pokysdk-linux/var --libdir=/opt/clanton-tiny/1.4.2/sysroots/x86_64-pokysdk-linux/usr/lib/i586-poky-linux-uclibc --includedir=/opt/clanton-tiny/1.4.2/sysroots/x86_64-pokysdk-linux/usr/include --oldincludedir=/opt/clanton-tiny/1.4.2/sysroots/x86_64-pokysdk-linux/usr/include --infodir=/opt/clanton-tiny/1.4.2/sysroots/x86_64-pokysdk-linux/usr/share/info --mandir=/opt/clanton-tiny/1.4.2/sysroots/x86_64-pokysdk-linux/usr/share/man --disable-silent-rules --disable-dependency-tracking --with-libtool-sysroot=/home/onur/IntelGalileo/Software/meta-clanton_v1.0.1/yocto_build/tmp/sysroots/x86_64-nativesdk-pokysdk-linux --enable-clocale=generic --with-gnu-ld --enable-shared --enable-languages=c,c++ --enable-threads=posix --enable-multilib --enable-c99 --enable-long-long --enable-symvers=gnu --enable-libstdcxx-pch --program-prefix=i586-poky-linux-uclibc- --without-local-prefix --enable-target-optspace --enable-lto --enable-libssp --disable-bootstrap --disable-libmudflap --with-system-zlib --with-linker-hash-style=gnu --enable-linker-build-id --with-ppl=no --with-cloog=no --enable-checking=release --enable-cheaders=c_global --with-gxx-include-dir=/opt/clanton-tiny/1.4.2/sysroots/i586-poky-linux-uclibc/usr/include/c++ --with-build-time-tools=/home/onur/IntelGalileo/Software/meta-clanton_v1.0.1/yocto_build/tmp/sysroots/x86_64-linux/usr/i586-poky-linux-uclibc/bin --with-sysroot=/opt/clanton-tiny/1.4.2/sysroots/i586-poky-linux-uclibc --with-build-sysroot=/home/onur/IntelGalileo/Software/meta-clanton_v1.0.1/yocto_build/tmp/sysroots/clanton --enable-targets=all --disable-libunwind-exceptions --disable-libssp --disable-libgomp --disable-libmudflap --with-mpfr=/home/onur/IntelGalileo/Software/meta-clanton_v1.0.1/yocto_build/tmp/sysroots/x86_64-nativesdk-pokysdk-linux --with-mpc=/home/onur/IntelGalileo/Software/meta-clanton_v1.0.1/yocto_build/tmp/sysroots/x86_64-nativesdk-pokysdk-linux --enable-nls --disable-decimal-float --enable-__cxa_atexit
Thread model: posix
gcc version 4.7.2 (GCC) 
configure:3177: $? = 0
configure:3166: i586-poky-linux-uclibc-gcc  -m32 -march=i586 --sysroot=/opt/clanton-tiny/1.4.2/sysroots/i586-poky-linux-uclibc -V >&5
i586-poky-linux-uclibc-gcc: error: unrecognized command line option '-V'
i586-poky-linux-uclibc-gcc: fatal error: no input files
compilation terminated.
configure:3177: $? = 1
configure:3166: i586-poky-linux-uclibc-gcc  -m32 -march=i586 --sysroot=/opt/clanton-tiny/1.4.2/sysroots/i586-poky-linux-uclibc -qversion >&5
i586-poky-linux-uclibc-gcc: error: unrecognized command line option '-qversion'
i586-poky-linux-uclibc-gcc: fatal error: no input files
compilation terminated.
configure:3177: $? = 1
configure:3197: checking whether the C compiler works
configure:3219: i586-poky-linux-uclibc-gcc  -m32 -march=i586 --sysroot=/opt/clanton-tiny/1.4.2/sysroots/i586-poky-linux-uclibc  -O2 -pipe -g -feliminate-unused-debug-types  -Wl,-O1 -Wl,--hash-style=gnu -Wl,--as-needed conftest.c  >&5
configure:3223: $? = 0
configure:3271: result: yes
configure:3274: checking for C compiler default output file name
configure:3276: result: a.out
configure:3282: checking for suffix of executables
configure:3289: i586-poky-linux-uclibc-gcc  -m32 -march=i586 --sysroot=/opt/clanton-tiny/1.4.2/sysroots/i586-poky-linux-uclibc -o conftest  -O2 -pipe -g -feliminate-unused-debug-types  -Wl,-O1 -Wl,--hash-style=gnu -Wl,--as-needed conftest.c  >&5
configure:3293: $? = 0
configure:3315: result: 
configure:3337: checking whether we are cross compiling
configure:3345: i586-poky-linux-uclibc-gcc  -m32 -march=i586 --sysroot=/opt/clanton-tiny/1.4.2/sysroots/i586-poky-linux-uclibc -o conftest  -O2 -pipe -g -feliminate-unused-debug-types  -Wl,-O1 -Wl,--hash-style=gnu -Wl,--as-needed conftest.c  >&5
configure:3349: $? = 0
configure:3356: ./conftest
./configure: line 3358: ./conftest: No such file or directory
configure:3360: $? = 127
configure:3367: error: in `/home/onur/tmp/galileo_ha/smart_home':
configure:3369: error: cannot run C compiled programs.
If you meant to cross compile, use `--host'.
See `config.log' for more details

## ---------------- ##
## Cache variables. ##
## ---------------- ##

ac_cv___va_copy=yes
ac_cv_alignof_CORBA_boolean=1
ac_cv_alignof_CORBA_char=1
ac_cv_alignof_CORBA_double=4
ac_cv_alignof_CORBA_float=4
ac_cv_alignof_CORBA_long=4
ac_cv_alignof_CORBA_long_double=4
ac_cv_alignof_CORBA_long_long=4
ac_cv_alignof_CORBA_octet=1
ac_cv_alignof_CORBA_pointer=4
ac_cv_alignof_CORBA_short=2
ac_cv_alignof_CORBA_struct=4
ac_cv_alignof_CORBA_wchar=2
ac_cv_alignof_char=1
ac_cv_alignof_dbind_pointer=4
ac_cv_alignof_dbind_struct=1
ac_cv_alignof_dbus_bool_t=4
ac_cv_alignof_dbus_int16_t=2
ac_cv_alignof_dbus_int32_t=4
ac_cv_alignof_dbus_int64_t=4
ac_cv_alignof_double=4
ac_cv_alignof_guint32=4
ac_cv_alignof_guint64=4
ac_cv_alignof_unsigned_long=4
ac_cv_buggy_getaddrinfo=no
ac_cv_build=x86_64-unknown-linux-gnu
ac_cv_c_bigendian=no
ac_cv_c_endian=little
ac_cv_c_littleendian=yes
ac_cv_c_long_double=yes
ac_cv_conv_longlong_to_float=yes
ac_cv_dirent_have_space_d_name=yes
ac_cv_env_CC_set=set
ac_cv_env_CC_value='i586-poky-linux-uclibc-gcc  -m32 -march=i586 --sysroot=/opt/clanton-tiny/1.4.2/sysroots/i586-poky-linux-uclibc'
ac_cv_env_CFLAGS_set=set
ac_cv_env_CFLAGS_value=' -O2 -pipe -g -feliminate-unused-debug-types'
ac_cv_env_CPPFLAGS_set=set
ac_cv_env_CPPFLAGS_value=
ac_cv_env_CPP_set=set
ac_cv_env_CPP_value='i586-poky-linux-uclibc-gcc -E  -m32 -march=i586 --sysroot=/opt/clanton-tiny/1.4.2/sysroots/i586-poky-linux-uclibc'
ac_cv_env_LDFLAGS_set=set
ac_cv_env_LDFLAGS_value='-Wl,-O1 -Wl,--hash-style=gnu -Wl,--as-needed'
ac_cv_env_LIBS_set=
ac_cv_env_LIBS_value=
ac_cv_env_build_alias_set=
ac_cv_env_build_alias_value=
ac_cv_env_host_alias_set=
ac_cv_env_host_alias_value=
ac_cv_env_target_alias_set=
ac_cv_env_target_alias_value=
ac_cv_file__dev_random=yes
ac_cv_file__dev_zero=yes
ac_cv_file__usr_share_X11_sgml_defs_ent=no
ac_cv_file_lib_src_libmad_frame_h=no
ac_cv_func___va_copy=yes
ac_cv_func_fnmatch_works=yes
ac_cv_func_getaddrinfo=yes
ac_cv_func_getgrgid_r=yes
ac_cv_func_getpgrp_void=yes
ac_cv_func_getpwuid_r=yes
ac_cv_func_lstat_dereferences_slashed_symlink=yes
ac_cv_func_lstat_empty_string_bug=no
ac_cv_func_malloc_0_nonnull=yes
ac_cv_func_malloc_works=yes
ac_cv_func_mmap_fixed_mapped=yes
ac_cv_func_posix_getgrgid_r=yes
ac_cv_func_posix_getpwnam_r=yes
ac_cv_func_posix_getpwuid_r=yes
ac_cv_func_posix_spawn=yes
ac_cv_func_posix_spawn_works=yes
ac_cv_func_printf_unix98=yes
ac_cv_func_pthread_key_delete=yes
ac_cv_func_realloc_0_nonnull=yes
ac_cv_func_realloc_works=yes
ac_cv_func_setgrent_void=yes
ac_cv_func_setpgrp_void=yes
ac_cv_func_setvbuf_reversed=no
ac_cv_func_snprintf_c99=yes
ac_cv_func_stat_empty_string_bug=no
ac_cv_func_stat_ignores_trailing_slash=no
ac_cv_func_va_copy=yes
ac_cv_func_vsnprintf_c99=yes
ac_cv_have_abstract_sockets=yes
ac_cv_have_accrights_in_msghdr=no
ac_cv_have_broken_snprintf=no
ac_cv_have_control_in_msghdr=yes
ac_cv_have_decl_sys_siglist=no
ac_cv_have_long_long_format=yes
ac_cv_have_openpty_ctty_bug=yes
ac_cv_have_space_d_name_in_struct_dirent=yes
ac_cv_header_X=no
ac_cv_header__CC=no
ac_cv_header__CFLAGS=no
ac_cv_header__CPPFLAGS=no
ac_cv_header___5=no
ac_cv_header__c=no
ac_cv_header_conftest__ac_ext=no
ac_cv_header_curses_h=yes
ac_cv_header_inttypes_h=yes
ac_cv_header_memory_h=yes
ac_cv_header_ncurses_curses_h=no
ac_cv_header_ncurses_h=yes
ac_cv_header_ncurses_termcap_h=no
ac_cv_header_netinet_sctp_h=no
ac_cv_header_netinet_sctp_uio_h=no
ac_cv_header_stdc=yes
ac_cv_header_stdint_h=yes
ac_cv_header_stdlib_h=yes
ac_cv_header_string_h=yes
ac_cv_header_strings_h=yes
ac_cv_header_sys_stat_h=yes
ac_cv_header_sys_types_h=yes
ac_cv_header_unistd_h=yes
ac_cv_host=x86_64-unknown-linux-gnu
ac_cv_lbl_unaligned_fail=no
ac_cv_lib_c_signalfd=yes
ac_cv_libiconv_utf8=yes
ac_cv_libnet_endianess=lil
ac_cv_linux_vers=2
ac_cv_need_trio=no
ac_cv_o_nonblock_inherited=no
ac_cv_path_ESD_CONFIG=no
ac_cv_path_install='/usr/bin/install -c'
ac_cv_path_mkdir=/bin/mkdir
ac_cv_pread=no
ac_cv_prog_AWK=gawk
ac_cv_prog_ac_ct_CC='i586-poky-linux-uclibc-gcc  -m32 -march=i586 --sysroot=/opt/clanton-tiny/1.4.2/sysroots/i586-poky-linux-uclibc'
ac_cv_prog_make_make_set=yes
ac_cv_pwrite=no
ac_cv_sctp=no
ac_cv_sizeof_char=1
ac_cv_sizeof_char_p=4
ac_cv_sizeof_dev_t=8
ac_cv_sizeof_float=4
ac_cv_sizeof_gid_t=4
ac_cv_sizeof_ino_t=4
ac_cv_sizeof_int=4
ac_cv_sizeof_int_p=4
ac_cv_sizeof_long=4
ac_cv_sizeof_long_long=8
ac_cv_sizeof_long_p=4
ac_cv_sizeof_off_t=4
ac_cv_sizeof_pid_t=4
ac_cv_sizeof_short=2
ac_cv_sizeof_size_t=4
ac_cv_sizeof_ssize_t=4
ac_cv_sizeof_uid_t=4
ac_cv_sizeof_unsigned_char=1
ac_cv_sizeof_unsigned_char_p=4
ac_cv_sizeof_unsigned_int=4
ac_cv_sizeof_unsigned_long=4
ac_cv_sizeof_unsigned_long_long=8
ac_cv_sizeof_unsigned_short=2
ac_cv_sizeof_void_p=4
ac_cv_sizeof_wchar_t=4
ac_cv_sys_linker_h=no
ac_cv_sys_restartable_syscalls=yes
ac_cv_type_struct_timespec=yes
ac_cv_uchar=no
ac_cv_uint=yes
ac_cv_ulong=yes
ac_cv_ushort=yes
ac_cv_va_copy=yes
ac_cv_va_val_copy=yes
am_cv_func_working_getline=yes
apr_cv_process_shared_works=no
apr_cv_tcp_nodelay_with_cork=yes
bash_cv_dup2_broken=no
bash_cv_func_sigsetjmp=missing
bash_cv_func_strcoll_broken=no
bash_cv_getcwd_calls_popen=no
bash_cv_getenv_redef=yes
bash_cv_have_mbstate_t=yes
bash_cv_job_control_missing=present
bash_cv_must_reinstall_sighandlers=no
bash_cv_opendir_not_robust=no
bash_cv_pgrp_pipe=no
bash_cv_printf_a_format=yes
bash_cv_sys_named_pipes=present
bash_cv_sys_siglist=no
bash_cv_type_rlimit=rlim_t
bash_cv_ulimit_maxfds=yes
bash_cv_under_sys_siglist=no
bash_cv_unusable_rtsigs=no
cvs_cv_func_printf_ptr=yes
db_cv_align_t='unsigned long long'
db_cv_alignp_t='unsigned long'
db_cv_fcntl_f_setfd=yes
db_cv_path_ar=/usr/bin/ar
db_cv_path_chmod=/bin/chmod
db_cv_path_cp=/bin/cp
db_cv_path_ln=/bin/ln
db_cv_path_mkdir=/bin/mkdir
db_cv_path_ranlib=/usr/bin/ranlib
db_cv_path_rm=/bin/rm
db_cv_path_sh=/bin/sh
db_cv_path_strip=/usr/bin/strip
db_cv_sprintf_count=yes
ettercap_cv_type_socklen_t=yes
fu_cv_sys_stat_statfs2_bsize=yes
gl_cv_func_fstatat_zero_flag=yes
gl_cv_func_gettimeofday_clobber=no
gl_cv_func_gettimeofday_posix_signature=yes
gl_cv_func_tzset_clobber=no
glib_cv_compliant_posix_memalign=1
glib_cv_has__inline=yes
glib_cv_has__inline__=yes
glib_cv_hasinline=yes
glib_cv_have_qsort_r=no
glib_cv_long_long_format=ll
glib_cv_rtldglobal_broken=yes
glib_cv_sane_realloc=yes
glib_cv_sizeof_gmutex=24
glib_cv_sizeof_system_thread=4
glib_cv_stack_grows=no
glib_cv_strlcpy=no
glib_cv_sys_pthread_cond_timedwait_posix=yes
glib_cv_sys_pthread_getspecific_posix=yes
glib_cv_sys_pthread_mutex_trylock_posix=yes
glib_cv_uscore=no
glib_cv_use_pid_surrogate=yes
glib_cv_va_val_copy=yes
jm_cv_func_gettimeofday_clobber=no
jm_cv_func_working_readdir=yes
lf_cv_sane_realloc=yes
lftp_cv_va_val_copy=yes
libIDL_cv_long_long_format=ll
moz_cv_align_of_JS_ALIGN_OF_POINTER=4
moz_cv_size_of_JS_BYTES_PER_DOUBLE=8
moz_cv_size_of_JS_BYTES_PER_WORD=4
mr_cv_target_elf=yes
mysql_cv_func_atomic_add=yes
mysql_cv_func_atomic_sub=yes
nfsd_cv_broken_setfsuid=0
nfsd_cv_bsd_signals=yes
nfsd_cv_func_statfs=statfs2_bsize
php_cv_lib_cookie_io_functions_use_off64_t=yes
rpppoe_cv_pack_bitfields=rev
rsync_cv_HAVE_BROKEN_LARGEFILE=no
rsync_cv_HAVE_BROKEN_READDIR=no
rsync_cv_HAVE_C99_VSNPRINTF=yes
rsync_cv_HAVE_GETTIMEOFDAY_TZ=yes
rsync_cv_HAVE_LONGLONG=yes
rsync_cv_HAVE_OFF64_T=no
rsync_cv_HAVE_SECURE_MKSTEMP=yes
rsync_cv_HAVE_SHORT_INO_T=no
rsync_cv_HAVE_SOCKETPAIR=yes
rsync_cv_HAVE_UNSIGNED_CHAR=no
rsync_cv_REPLACE_INET_ATON=no
rsync_cv_REPLACE_INET_NTOA=no
samba_cv_HAVE_GETTIMEOFDAY_TZ=yes
samba_cv_HAVE_IFACE_AIX=no
samba_cv_HAVE_IFACE_IFCONF=yes
samba_cv_HAVE_IFACE_IFREQ=yes
samba_cv_HAVE_IRIX_SPECIFIC_CAPABILITIES=no
screen_cv_sys_bcopy_overlap=no
screen_cv_sys_fifo_broken_impl=yes
screen_cv_sys_fifo_usable=yes
screen_cv_sys_memcpy_overlap=no
screen_cv_sys_memmove_overlap=no
screen_cv_sys_select_broken_retval=no
screen_cv_sys_sockets_nofs=no
screen_cv_sys_sockets_usable=yes
screen_cv_sys_terminfo_used=yes
shadow_cv_logdir='${prefix}/var/log'
shadow_cv_maildir='${prefix}/var/spool/mail'
shadow_cv_mailfile=Mailbox
shadow_cv_passwd_dir='${exec_prefix}/bin'
shadow_cv_utmpdir='${prefix}/var/run'
slrn_cv_va_val_copy=yes
sudo_cv_func_unsetenv_void=no
tcl_cv_api_serial=termios
utils_cv_sys_open_max=1015

## ----------------- ##
## Output variables. ##
## ----------------- ##

ACLOCAL='${SHELL} /home/onur/tmp/galileo_ha/smart_home/missing --run aclocal-1.12'
AMDEPBACKSLASH='\'
AMDEP_FALSE='#'
AMDEP_TRUE=''
AMTAR='$${TAR-tar}'
AR='i586-poky-linux-uclibc-ar'
AUTOCONF='${SHELL} /home/onur/tmp/galileo_ha/smart_home/missing --run autoconf'
AUTOHEADER='${SHELL} /home/onur/tmp/galileo_ha/smart_home/missing --run autoheader'
AUTOMAKE='${SHELL} /home/onur/tmp/galileo_ha/smart_home/missing --run automake-1.12'
AWK='gawk'
CC='i586-poky-linux-uclibc-gcc  -m32 -march=i586 --sysroot=/opt/clanton-tiny/1.4.2/sysroots/i586-poky-linux-uclibc'
CCDEPMODE=''
CFLAGS=' -O2 -pipe -g -feliminate-unused-debug-types'
CPP='i586-poky-linux-uclibc-gcc -E  -m32 -march=i586 --sysroot=/opt/clanton-tiny/1.4.2/sysroots/i586-poky-linux-uclibc'
CPPFLAGS=''
CYGPATH_W='echo'
DEFS=''
DEPDIR='.deps'
DLLTOOL=''
DSYMUTIL=''
DUMPBIN=''
ECHO_C=''
ECHO_N='-n'
ECHO_T=''
EGREP=''
EXEEXT=''
FGREP=''
GREP=''
INSTALL_DATA='${INSTALL} -m 644'
INSTALL_PROGRAM='${INSTALL}'
INSTALL_SCRIPT='${INSTALL}'
INSTALL_STRIP_PROGRAM='$(install_sh) -c -s'
LD='i586-poky-linux-uclibc-ld   --sysroot=/opt/clanton-tiny/1.4.2/sysroots/i586-poky-linux-uclibc'
LDFLAGS='-Wl,-O1 -Wl,--hash-style=gnu -Wl,--as-needed'
LIBOBJS=''
LIBS=''
LIBTOOL=''
LIPO=''
LN_S=''
LTLIBOBJS=''
MAKEINFO='${SHELL} /home/onur/tmp/galileo_ha/smart_home/missing --run makeinfo'
MANIFEST_TOOL=''
MKDIR_P='/bin/mkdir -p'
NM='i586-poky-linux-uclibc-nm'
NMEDIT=''
OBJDUMP='i586-poky-linux-uclibc-objdump'
OBJEXT=''
OTOOL64=''
OTOOL=''
PACKAGE='smart_home'
PACKAGE_BUGREPORT=''
PACKAGE_NAME='smart_home'
PACKAGE_STRING='smart_home 0.1.0'
PACKAGE_TARNAME='smart_home'
PACKAGE_URL=''
PACKAGE_VERSION='0.1.0'
PATH_SEPARATOR=':'
RANLIB='i586-poky-linux-uclibc-ranlib'
SED=''
SET_MAKE=''
SHELL='/bin/bash'
STRIP='i586-poky-linux-uclibc-strip'
VERSION='0.1.0'
ac_ct_AR=''
ac_ct_CC='i586-poky-linux-uclibc-gcc  -m32 -march=i586 --sysroot=/opt/clanton-tiny/1.4.2/sysroots/i586-poky-linux-uclibc'
ac_ct_DUMPBIN=''
am__EXEEXT_FALSE=''
am__EXEEXT_TRUE=''
am__fastdepCC_FALSE=''
am__fastdepCC_TRUE=''
am__include='include'
am__isrc=''
am__leading_dot='.'
am__nodep='_no'
am__quote=''
am__tar='$${TAR-tar} chof - "$$tardir"'
am__untar='$${TAR-tar} xf -'
bindir='${exec_prefix}/bin'
build='x86_64-unknown-linux-gnu'
build_alias=''
build_cpu='x86_64'
build_os='linux-gnu'
build_vendor='unknown'
datadir='${datarootdir}'
datarootdir='${prefix}/share'
docdir='${datarootdir}/doc/${PACKAGE_TARNAME}'
dvidir='${docdir}'
exec_prefix='NONE'
host='x86_64-unknown-linux-gnu'
host_alias=''
host_cpu='x86_64'
host_os='linux-gnu'
host_vendor='unknown'
htmldir='${docdir}'
includedir='${prefix}/include'
infodir='${datarootdir}/info'
install_sh='${SHELL} /home/onur/tmp/galileo_ha/smart_home/install-sh'
libdir='${exec_prefix}/lib'
libexecdir='${exec_prefix}/libexec'
localedir='${datarootdir}/locale'
localstatedir='${prefix}/var'
mandir='${datarootdir}/man'
mkdir_p='$(MKDIR_P)'
oldincludedir='/usr/include'
pdfdir='${docdir}'
prefix='NONE'
program_transform_name='s,x,x,'
psdir='${docdir}'
sbindir='${exec_prefix}/sbin'
sharedstatedir='${prefix}/com'
smart_home_CFLAGS=''
smart_home_LIBS=''
sysconfdir='${prefix}/etc'
target_alias=''

## ----------- ##
## confdefs.h. ##
## ----------- ##

/* confdefs.h */
#define PACKAGE_NAME "smart_home"
#define PACKAGE_TARNAME "smart_home"
#define PACKAGE_VERSION "0.1.0"
#define PACKAGE_STRING "smart_home 0.1.0"
#define PACKAGE_BUGREPORT ""
#define PACKAGE_URL ""
#define PACKAGE "smart_home"
#define VERSION "0.1.0"

configure: exit 1
